2015-05-19 19:46:18,823 [Worker-22] INFO  o.e.m.c.i.p.ProjectConfigurationManager - Collecting project info '/pom.xml' /Users/alysson/java/workspace_tesp_02/escola/pom.xml
2015-05-19 19:46:22,327 [Worker-22] INFO  o.e.m.c.i.l.LifecycleMappingFactory - Using org.maven.ide.eclipse.wtp.WarLifecycleMapping lifecycle mapping for MavenProject: br.unibh:escola:0.0.1-SNAPSHOT @ /Users/alysson/java/workspace_tesp_02/escola/pom.xml.
2015-05-19 19:46:23,568 [Worker-22] INFO  o.e.m.j.i.AbstractJavaProjectConfigurator - Adding source folder /escola/src/main/java
2015-05-19 19:46:23,568 [Worker-22] INFO  o.e.m.j.i.AbstractJavaProjectConfigurator - Adding resource folder /escola/src/main/resources
2015-05-19 19:46:23,572 [Worker-22] INFO  o.e.m.j.i.AbstractJavaProjectConfigurator - Adding source folder /escola/src/test/java
2015-05-19 19:46:23,573 [Worker-22] INFO  o.e.m.j.i.AbstractJavaProjectConfigurator - Adding resource folder /escola/src/test/resources
2015-05-19 19:46:26,676 [Worker-22] INFO  o.e.m.c.i.p.ProjectConfigurationManager - Imported and configured 1 project(s) in 7 sec
2015-05-19 19:46:28,107 [Worker-6] INFO  o.e.m.c.i.l.LifecycleMappingFactory - Using org.maven.ide.eclipse.wtp.WarLifecycleMapping lifecycle mapping for MavenProject: br.unibh:escola:0.0.1-SNAPSHOT @ /Users/alysson/java/workspace_tesp_02/escola/pom.xml.
2015-05-19 19:46:30,602 [Worker-14] INFO  o.e.m.c.i.embedder.EclipseLogger - Using 'UTF-8' encoding to copy filtered resources.
2015-05-19 19:46:30,613 [Worker-14] INFO  o.e.m.c.i.embedder.EclipseLogger - Copying 2 resources
2015-05-19 19:46:30,627 [Worker-14] INFO  o.e.m.c.i.embedder.EclipseLogger - Using 'UTF-8' encoding to copy filtered resources.
2015-05-19 19:46:30,627 [Worker-14] INFO  o.e.m.c.i.embedder.EclipseLogger - Copying 1 resource
2015-05-19 19:51:52,699 [Worker-14] INFO  o.e.m.c.i.embedder.EclipseLogger - Using 'UTF-8' encoding to copy filtered resources.
2015-05-19 19:51:52,714 [Worker-14] INFO  o.e.m.c.i.embedder.EclipseLogger - Copying 2 resources
2015-05-19 19:51:52,716 [Worker-14] INFO  o.e.m.c.i.embedder.EclipseLogger - Using 'UTF-8' encoding to copy filtered resources.
2015-05-19 19:51:52,716 [Worker-14] INFO  o.e.m.c.i.embedder.EclipseLogger - Copying 0 resource
2015-05-19 19:51:55,025 [Worker-14] INFO  o.e.m.c.i.embedder.EclipseLogger - Using 'UTF-8' encoding to copy filtered resources.
2015-05-19 19:51:55,025 [Worker-14] INFO  o.e.m.c.i.embedder.EclipseLogger - Copying 0 resource
2015-05-19 19:51:55,027 [Worker-14] INFO  o.e.m.c.i.embedder.EclipseLogger - Using 'UTF-8' encoding to copy filtered resources.
2015-05-19 19:51:55,027 [Worker-14] INFO  o.e.m.c.i.embedder.EclipseLogger - Copying 0 resource
2015-05-19 19:52:47,102 [Worker-23] INFO  o.e.m.c.i.p.ProjectConfigurationManager - Update started
2015-05-19 19:52:47,270 [Worker-23] INFO  o.e.m.c.i.l.LifecycleMappingFactory - Using org.maven.ide.eclipse.wtp.WarLifecycleMapping lifecycle mapping for MavenProject: br.unibh:escola:0.0.1-SNAPSHOT @ /Users/alysson/java/workspace_tesp_02/escola/pom.xml.
2015-05-19 19:52:47,791 [Worker-23] INFO  o.e.m.j.i.AbstractJavaProjectConfigurator - Adding source folder /escola/src/main/java
2015-05-19 19:52:47,791 [Worker-23] INFO  o.e.m.j.i.AbstractJavaProjectConfigurator - Adding resource folder /escola/src/main/resources
2015-05-19 19:52:47,792 [Worker-23] INFO  o.e.m.j.i.AbstractJavaProjectConfigurator - Adding source folder /escola/src/test/java
2015-05-19 19:52:47,792 [Worker-23] INFO  o.e.m.j.i.AbstractJavaProjectConfigurator - Adding resource folder /escola/src/test/resources
2015-05-19 19:52:48,352 [Worker-23] INFO  o.e.m.c.i.l.LifecycleMappingFactory - Using org.maven.ide.eclipse.wtp.WarLifecycleMapping lifecycle mapping for MavenProject: br.unibh:escola:0.0.1-SNAPSHOT @ /Users/alysson/java/workspace_tesp_02/escola/pom.xml.
2015-05-19 19:52:48,790 [Worker-23] INFO  o.e.m.w.i.f.ResourceFilteringBuildParticipant - Cleaning filtered folder for escola
2015-05-19 19:52:48,816 [Worker-23] INFO  o.e.m.c.i.p.ProjectConfigurationManager - Update completed: 1 sec
2015-05-19 19:52:50,568 [Worker-12] INFO  o.e.m.c.i.embedder.EclipseLogger - Using 'UTF-8' encoding to copy filtered resources.
2015-05-19 19:52:50,587 [Worker-12] INFO  o.e.m.c.i.embedder.EclipseLogger - Copying 2 resources
2015-05-19 19:52:50,598 [Worker-12] INFO  o.e.m.c.i.embedder.EclipseLogger - Using 'UTF-8' encoding to copy filtered resources.
2015-05-19 19:52:50,598 [Worker-12] INFO  o.e.m.c.i.embedder.EclipseLogger - Copying 1 resource
2015-05-19 19:54:07,242 [Worker-23] INFO  o.e.m.c.i.l.LifecycleMappingFactory - Using org.maven.ide.eclipse.wtp.WarLifecycleMapping lifecycle mapping for MavenProject: br.unibh:escola:0.0.1-SNAPSHOT @ /Users/alysson/java/workspace_tesp_02/escola/pom.xml.
2015-05-19 19:54:08,123 [Worker-23] INFO  o.e.m.c.i.embedder.EclipseLogger - Using 'UTF-8' encoding to copy filtered resources.
2015-05-19 19:54:08,123 [Worker-23] INFO  o.e.m.c.i.embedder.EclipseLogger - Copying 0 resource
2015-05-19 19:54:08,126 [Worker-23] INFO  o.e.m.c.i.embedder.EclipseLogger - Using 'UTF-8' encoding to copy filtered resources.
2015-05-19 19:54:08,126 [Worker-23] INFO  o.e.m.c.i.embedder.EclipseLogger - Copying 0 resource
2015-05-19 19:54:08,127 [Worker-23] INFO  o.e.m.w.i.f.ResourceFilteringBuildParticipant - Changed resources require a complete clean of filtered resources of escola
2015-05-19 19:54:08,129 [Worker-23] INFO  o.e.m.w.i.f.ResourceFilteringBuildParticipant - Executing resource filtering for escola
2015-05-19 19:54:08,136 [Worker-23] WARN  o.e.m.c.i.embedder.EclipseLogger - The POM for org.jboss.as.plugins:jboss-as-maven-plugin:jar:7.0.2.Final is missing, no dependency information available
2015-05-19 19:54:08,147 [Worker-23] WARN  o.e.m.c.i.embedder.EclipseLogger - Failed to retrieve plugin descriptor for org.jboss.as.plugins:jboss-as-maven-plugin:7.0.2.Final: Plugin org.jboss.as.plugins:jboss-as-maven-plugin:7.0.2.Final or one of its dependencies could not be resolved: Cannot access central (http://repo.maven.apache.org/maven2) in offline mode and the artifact org.jboss.as.plugins:jboss-as-maven-plugin:jar:7.0.2.Final has not been downloaded from it before.
2015-05-19 19:54:08,166 [Worker-23] WARN  o.e.m.c.i.embedder.EclipseLogger - The POM for org.jboss.as.plugins:jboss-as-maven-plugin:jar:7.0.2.Final is missing, no dependency information available
2015-05-19 19:54:08,167 [Worker-23] WARN  o.e.m.c.i.embedder.EclipseLogger - Failed to retrieve plugin descriptor for org.jboss.as.plugins:jboss-as-maven-plugin:7.0.2.Final: Plugin org.jboss.as.plugins:jboss-as-maven-plugin:7.0.2.Final or one of its dependencies could not be resolved: Cannot access central (http://repo.maven.apache.org/maven2) in offline mode and the artifact org.jboss.as.plugins:jboss-as-maven-plugin:jar:7.0.2.Final has not been downloaded from it before.
2015-05-19 19:54:08,200 [Worker-23] INFO  o.e.m.c.i.embedder.EclipseLogger - Using 'UTF-8' encoding to copy filtered resources.
2015-05-19 19:54:16,994 [Worker-24] INFO  o.e.m.c.i.embedder.EclipseLogger - Using 'UTF-8' encoding to copy filtered resources.
2015-05-19 19:54:16,995 [Worker-24] INFO  o.e.m.c.i.embedder.EclipseLogger - Copying 2 resources
2015-05-19 19:54:16,998 [Worker-24] INFO  o.e.m.c.i.embedder.EclipseLogger - Using 'UTF-8' encoding to copy filtered resources.
2015-05-19 19:54:16,998 [Worker-24] INFO  o.e.m.c.i.embedder.EclipseLogger - Copying 1 resource
2015-05-19 19:54:39,781 [Worker-24] INFO  o.e.m.c.i.p.ProjectConfigurationManager - Update started
2015-05-19 19:54:39,886 [Worker-24] INFO  o.e.m.c.i.l.LifecycleMappingFactory - Using org.maven.ide.eclipse.wtp.WarLifecycleMapping lifecycle mapping for MavenProject: br.unibh:escola:0.0.1-SNAPSHOT @ /Users/alysson/java/workspace_tesp_02/escola/pom.xml.
2015-05-19 19:54:40,453 [Worker-24] INFO  o.e.m.j.i.AbstractJavaProjectConfigurator - Adding source folder /escola/src/main/java
2015-05-19 19:54:40,453 [Worker-24] INFO  o.e.m.j.i.AbstractJavaProjectConfigurator - Adding resource folder /escola/src/main/resources
2015-05-19 19:54:40,454 [Worker-24] INFO  o.e.m.j.i.AbstractJavaProjectConfigurator - Adding source folder /escola/src/test/java
2015-05-19 19:54:40,454 [Worker-24] INFO  o.e.m.j.i.AbstractJavaProjectConfigurator - Adding resource folder /escola/src/test/resources
2015-05-19 19:54:41,073 [Worker-24] INFO  o.e.m.c.i.l.LifecycleMappingFactory - Using org.maven.ide.eclipse.wtp.WarLifecycleMapping lifecycle mapping for MavenProject: br.unibh:escola:0.0.1-SNAPSHOT @ /Users/alysson/java/workspace_tesp_02/escola/pom.xml.
2015-05-19 19:54:41,393 [Worker-24] INFO  o.e.m.w.i.f.ResourceFilteringBuildParticipant - Cleaning filtered folder for escola
2015-05-19 19:54:41,397 [Worker-24] INFO  o.e.m.c.i.p.ProjectConfigurationManager - Update completed: 1 sec
2015-05-19 19:54:42,726 [Worker-23] INFO  o.e.m.c.i.embedder.EclipseLogger - Using 'UTF-8' encoding to copy filtered resources.
2015-05-19 19:54:42,727 [Worker-23] INFO  o.e.m.c.i.embedder.EclipseLogger - Copying 2 resources
2015-05-19 19:54:42,739 [Worker-23] INFO  o.e.m.c.i.embedder.EclipseLogger - Using 'UTF-8' encoding to copy filtered resources.
2015-05-19 19:54:42,739 [Worker-23] INFO  o.e.m.c.i.embedder.EclipseLogger - Copying 1 resource
2015-05-19 20:02:18,279 [Worker-36] INFO  o.e.m.c.i.embedder.EclipseLogger - Using 'UTF-8' encoding to copy filtered resources.
2015-05-19 20:02:18,289 [Worker-36] INFO  o.e.m.c.i.embedder.EclipseLogger - Copying 0 resource
2015-05-19 20:02:18,291 [Worker-36] INFO  o.e.m.c.i.embedder.EclipseLogger - Using 'UTF-8' encoding to copy filtered resources.
2015-05-19 20:02:18,292 [Worker-36] INFO  o.e.m.c.i.embedder.EclipseLogger - Copying 0 resource
2015-05-19 20:03:01,701 [Worker-35] INFO  o.e.m.c.i.embedder.EclipseLogger - Using 'UTF-8' encoding to copy filtered resources.
2015-05-19 20:03:01,703 [Worker-35] INFO  o.e.m.c.i.embedder.EclipseLogger - Copying 0 resource
2015-05-19 20:03:01,705 [Worker-35] INFO  o.e.m.c.i.embedder.EclipseLogger - Using 'UTF-8' encoding to copy filtered resources.
2015-05-19 20:03:01,705 [Worker-35] INFO  o.e.m.c.i.embedder.EclipseLogger - Copying 0 resource
2015-05-19 20:05:03,322 [Worker-35] INFO  o.e.m.c.i.embedder.EclipseLogger - Using 'UTF-8' encoding to copy filtered resources.
2015-05-19 20:05:03,328 [Worker-35] INFO  o.e.m.c.i.embedder.EclipseLogger - Copying 0 resource
2015-05-19 20:05:03,332 [Worker-35] INFO  o.e.m.c.i.embedder.EclipseLogger - Using 'UTF-8' encoding to copy filtered resources.
2015-05-19 20:05:03,332 [Worker-35] INFO  o.e.m.c.i.embedder.EclipseLogger - Copying 0 resource
2015-05-19 20:05:27,379 [Worker-31] INFO  o.e.m.c.i.embedder.EclipseLogger - Using 'UTF-8' encoding to copy filtered resources.
2015-05-19 20:05:27,383 [Worker-31] INFO  o.e.m.c.i.embedder.EclipseLogger - Copying 0 resource
2015-05-19 20:05:27,386 [Worker-31] INFO  o.e.m.c.i.embedder.EclipseLogger - Using 'UTF-8' encoding to copy filtered resources.
2015-05-19 20:05:27,386 [Worker-31] INFO  o.e.m.c.i.embedder.EclipseLogger - Copying 0 resource
2015-05-19 20:05:39,884 [Worker-31] INFO  o.e.m.c.i.embedder.EclipseLogger - Using 'UTF-8' encoding to copy filtered resources.
2015-05-19 20:05:39,887 [Worker-31] INFO  o.e.m.c.i.embedder.EclipseLogger - Copying 0 resource
2015-05-19 20:05:39,890 [Worker-31] INFO  o.e.m.c.i.embedder.EclipseLogger - Using 'UTF-8' encoding to copy filtered resources.
2015-05-19 20:05:39,891 [Worker-31] INFO  o.e.m.c.i.embedder.EclipseLogger - Copying 0 resource
2015-05-19 20:06:59,190 [Worker-33] INFO  o.e.m.c.i.embedder.EclipseLogger - Using 'UTF-8' encoding to copy filtered resources.
2015-05-19 20:06:59,192 [Worker-33] INFO  o.e.m.c.i.embedder.EclipseLogger - Copying 0 resource
2015-05-19 20:06:59,193 [Worker-33] INFO  o.e.m.c.i.embedder.EclipseLogger - Using 'UTF-8' encoding to copy filtered resources.
2015-05-19 20:06:59,193 [Worker-33] INFO  o.e.m.c.i.embedder.EclipseLogger - Copying 0 resource
2015-05-19 20:08:25,175 [Worker-31] INFO  o.e.m.c.i.embedder.EclipseLogger - Using 'UTF-8' encoding to copy filtered resources.
2015-05-19 20:08:25,185 [Worker-31] INFO  o.e.m.c.i.embedder.EclipseLogger - Copying 1 resource
2015-05-19 20:08:25,187 [Worker-31] INFO  o.e.m.c.i.embedder.EclipseLogger - Using 'UTF-8' encoding to copy filtered resources.
2015-05-19 20:08:25,188 [Worker-31] INFO  o.e.m.c.i.embedder.EclipseLogger - Copying 0 resource
